<?xml version="1.0" encoding="UTF-8"?>
<testng-results ignored="0" total="1" passed="1" failed="0" skipped="0">
  <reporter-output>
  </reporter-output>
  <suite started-at="2024-01-29T20:17:59 EST" name="Default suite" finished-at="2024-01-29T20:18:31 EST" duration-ms="32083">
    <groups>
    </groups>
    <test started-at="2024-01-29T20:17:59 EST" name="Default test" finished-at="2024-01-29T20:18:31 EST" duration-ms="32083">
      <class name="RunTest.LaunchBrowser">
        <test-method signature="Launch()[pri:0, instance:RunTest.LaunchBrowser@5b239d7d]" started-at="2024-01-29T20:17:59 EST" name="Launch" finished-at="2024-01-29T20:18:31 EST" duration-ms="32023" status="PASS">
          <reporter-output>
          </reporter-output>
        </test-method> <!-- Launch -->
      </class> <!-- RunTest.LaunchBrowser -->
    </test> <!-- Default test -->
  </suite> <!-- Default suite -->
</testng-results>
